c:\users\acer\desktop\workdll\workdll\x64\release\vc140.pdb
c:\users\acer\desktop\workdll\workdll\x64\release\function.obj
c:\users\acer\desktop\workdll2\workdll\x64\release\vc140.pdb
c:\users\acer\desktop\workdll2\workdll\x64\release\function.obj
c:\users\acer\desktop\workdll2.1\workdll\x64\release\vc140.pdb
c:\users\acer\desktop\workdll2.1\workdll\x64\release\svm.obj
c:\users\acer\desktop\workdll2.1\workdll\x64\release\function.obj
c:\users\acer\desktop\workdll\x64\release\workdll.dll
c:\users\acer\desktop\workdll\x64\release\workdll.ipdb
c:\users\acer\desktop\workdll\x64\release\workdll.iobj
c:\users\acer\desktop\workdll\x64\release\workdll.pdb
c:\users\acer\desktop\workdll\x64\release\workdll.lib
c:\users\acer\desktop\workdll\x64\release\workdll.exp
c:\users\acer\desktop\workdll2\x64\release\workdll.lib
c:\users\acer\desktop\workdll2\x64\release\workdll.exp
c:\users\acer\desktop\workdll2.1\x64\release\workdll.lib
c:\users\acer\desktop\workdll2.1\x64\release\workdll.exp
c:\users\acer\desktop\workdll2.1\x64\release\workdll.pdb
c:\users\acer\desktop\workdll2.1\workdll\x64\release\workdll.tlog\cl.command.1.tlog
c:\users\acer\desktop\workdll2.1\workdll\x64\release\workdll.tlog\cl.read.1.tlog
c:\users\acer\desktop\workdll2.1\workdll\x64\release\workdll.tlog\cl.write.1.tlog
c:\users\acer\desktop\workdll2.1\workdll\x64\release\workdll.tlog\link.command.1.tlog
c:\users\acer\desktop\workdll2.1\workdll\x64\release\workdll.tlog\link.read.1.tlog
c:\users\acer\desktop\workdll2.1\workdll\x64\release\workdll.tlog\link.write.1.tlog
c:\users\acer\desktop\workdll2.1\workdll\x64\release\workdll.tlog\workdll.write.1u.tlog
